{"C:\\Users\\arold\\OneDrive\\Bureau\\STUDI\\ECF FINAL\\soignemoi-bureautique\\src\\router.jsx": {"path":"C:\\Users\\arold\\OneDrive\\Bureau\\STUDI\\ECF FINAL\\soignemoi-bureautique\\src\\router.jsx","statementMap":{"0":{"start":{"line":10,"column":15},"end":{"line":28,"column":2}},"1":{"start":{"line":32,"column":0},"end":{"line":38,"column":1}}},"fnMap":{},"branchMap":{},"s":{"0":0,"1":0},"f":{},"b":{}}
,"C:\\Users\\arold\\OneDrive\\Bureau\\STUDI\\ECF FINAL\\soignemoi-bureautique\\src\\components\\CardStays\\CardStays.jsx": {"path":"C:\\Users\\arold\\OneDrive\\Bureau\\STUDI\\ECF FINAL\\soignemoi-bureautique\\src\\components\\CardStays\\CardStays.jsx","statementMap":{"0":{"start":{"line":7,"column":26},"end":{"line":7,"column":48}},"1":{"start":{"line":9,"column":4},"end":{"line":13,"column":20}},"2":{"start":{"line":10,"column":8},"end":{"line":12,"column":9}},"3":{"start":{"line":11,"column":12},"end":{"line":11,"column":35}},"4":{"start":{"line":15,"column":18},"end":{"line":15,"column":28}},"5":{"start":{"line":16,"column":4},"end":{"line":16,"column":31}},"6":{"start":{"line":18,"column":26},"end":{"line":29,"column":12}},"7":{"start":{"line":20,"column":28},"end":{"line":20,"column":53}},"8":{"start":{"line":22,"column":34},"end":{"line":22,"column":58}},"9":{"start":{"line":23,"column":36},"end":{"line":23,"column":62}},"10":{"start":{"line":24,"column":16},"end":{"line":24,"column":47}},"11":{"start":{"line":25,"column":16},"end":{"line":25,"column":49}},"12":{"start":{"line":26,"column":16},"end":{"line":26,"column":155}},"13":{"start":{"line":28,"column":28},"end":{"line":28,"column":73}},"14":{"start":{"line":31,"column":4},"end":{"line":44,"column":6}},"15":{"start":{"line":34,"column":16},"end":{"line":41,"column":18}}},"fnMap":{"0":{"name":"CardStays","decl":{"start":{"line":6,"column":9},"end":{"line":6,"column":18}},"loc":{"start":{"line":6,"column":21},"end":{"line":45,"column":1}},"line":6},"1":{"name":"(anonymous_1)","decl":{"start":{"line":9,"column":14},"end":{"line":9,"column":15}},"loc":{"start":{"line":9,"column":20},"end":{"line":13,"column":5}},"line":9},"2":{"name":"(anonymous_2)","decl":{"start":{"line":20,"column":20},"end":{"line":20,"column":21}},"loc":{"start":{"line":20,"column":28},"end":{"line":20,"column":53}},"line":20},"3":{"name":"(anonymous_3)","decl":{"start":{"line":21,"column":20},"end":{"line":21,"column":21}},"loc":{"start":{"line":21,"column":28},"end":{"line":27,"column":13}},"line":21},"4":{"name":"(anonymous_4)","decl":{"start":{"line":28,"column":18},"end":{"line":28,"column":19}},"loc":{"start":{"line":28,"column":28},"end":{"line":28,"column":73}},"line":28},"5":{"name":"(anonymous_5)","decl":{"start":{"line":33,"column":31},"end":{"line":33,"column":32}},"loc":{"start":{"line":34,"column":16},"end":{"line":41,"column":18}},"line":34}},"branchMap":{"0":{"loc":{"start":{"line":10,"column":8},"end":{"line":12,"column":9}},"type":"if","locations":[{"start":{"line":10,"column":8},"end":{"line":12,"column":9}},{"start":{},"end":{}}],"line":10},"1":{"loc":{"start":{"line":18,"column":26},"end":{"line":29,"column":12}},"type":"cond-expr","locations":[{"start":{"line":19,"column":10},"end":{"line":28,"column":74}},{"start":{"line":29,"column":10},"end":{"line":29,"column":12}}],"line":18},"2":{"loc":{"start":{"line":26,"column":23},"end":{"line":26,"column":154}},"type":"binary-expr","locations":[{"start":{"line":26,"column":23},"end":{"line":26,"column":62}},{"start":{"line":26,"column":66},"end":{"line":26,"column":107}},{"start":{"line":26,"column":112},"end":{"line":26,"column":129}},{"start":{"line":26,"column":133},"end":{"line":26,"column":153}}],"line":26}},"s":{"0":0,"1":0,"2":0,"3":0,"4":0,"5":0,"6":0,"7":0,"8":0,"9":0,"10":0,"11":0,"12":0,"13":0,"14":0,"15":0},"f":{"0":0,"1":0,"2":0,"3":0,"4":0,"5":0},"b":{"0":[0,0],"1":[0,0],"2":[0,0,0,0]}}
,"C:\\Users\\arold\\OneDrive\\Bureau\\STUDI\\ECF FINAL\\soignemoi-bureautique\\src\\components\\Dashboard\\Dashboard.jsx": {"path":"C:\\Users\\arold\\OneDrive\\Bureau\\STUDI\\ECF FINAL\\soignemoi-bureautique\\src\\components\\Dashboard\\Dashboard.jsx","statementMap":{"0":{"start":{"line":7,"column":2},"end":{"line":12,"column":3}}},"fnMap":{"0":{"name":"Dashboard","decl":{"start":{"line":6,"column":9},"end":{"line":6,"column":18}},"loc":{"start":{"line":6,"column":21},"end":{"line":13,"column":1}},"line":6}},"branchMap":{},"s":{"0":0},"f":{"0":0},"b":{}}
,"C:\\Users\\arold\\OneDrive\\Bureau\\STUDI\\ECF FINAL\\soignemoi-bureautique\\src\\components\\Header\\Header.jsx": {"path":"C:\\Users\\arold\\OneDrive\\Bureau\\STUDI\\ECF FINAL\\soignemoi-bureautique\\src\\components\\Header\\Header.jsx","statementMap":{"0":{"start":{"line":6,"column":21},"end":{"line":6,"column":34}},"1":{"start":{"line":8,"column":25},"end":{"line":14,"column":5}},"2":{"start":{"line":9,"column":26},"end":{"line":9,"column":86}},"3":{"start":{"line":10,"column":8},"end":{"line":13,"column":9}},"4":{"start":{"line":11,"column":12},"end":{"line":11,"column":35}},"5":{"start":{"line":12,"column":12},"end":{"line":12,"column":26}},"6":{"start":{"line":16,"column":4},"end":{"line":21,"column":6}}},"fnMap":{"0":{"name":"Header","decl":{"start":{"line":5,"column":9},"end":{"line":5,"column":15}},"loc":{"start":{"line":5,"column":18},"end":{"line":22,"column":1}},"line":5},"1":{"name":"(anonymous_1)","decl":{"start":{"line":8,"column":25},"end":{"line":8,"column":26}},"loc":{"start":{"line":8,"column":31},"end":{"line":14,"column":5}},"line":8}},"branchMap":{"0":{"loc":{"start":{"line":10,"column":8},"end":{"line":13,"column":9}},"type":"if","locations":[{"start":{"line":10,"column":8},"end":{"line":13,"column":9}},{"start":{},"end":{}}],"line":10}},"s":{"0":0,"1":0,"2":0,"3":0,"4":0,"5":0,"6":0},"f":{"0":0,"1":0},"b":{"0":[0,0]}}
,"C:\\Users\\arold\\OneDrive\\Bureau\\STUDI\\ECF FINAL\\soignemoi-bureautique\\src\\components\\HeaderModal\\HeaderModal.jsx": {"path":"C:\\Users\\arold\\OneDrive\\Bureau\\STUDI\\ECF FINAL\\soignemoi-bureautique\\src\\components\\HeaderModal\\HeaderModal.jsx","statementMap":{"0":{"start":{"line":6,"column":21},"end":{"line":6,"column":34}},"1":{"start":{"line":8,"column":25},"end":{"line":14,"column":5}},"2":{"start":{"line":9,"column":26},"end":{"line":9,"column":86}},"3":{"start":{"line":10,"column":8},"end":{"line":13,"column":9}},"4":{"start":{"line":11,"column":12},"end":{"line":11,"column":35}},"5":{"start":{"line":12,"column":12},"end":{"line":12,"column":26}},"6":{"start":{"line":16,"column":4},"end":{"line":25,"column":6}}},"fnMap":{"0":{"name":"HeaderModal","decl":{"start":{"line":5,"column":9},"end":{"line":5,"column":20}},"loc":{"start":{"line":5,"column":23},"end":{"line":26,"column":1}},"line":5},"1":{"name":"(anonymous_1)","decl":{"start":{"line":8,"column":25},"end":{"line":8,"column":26}},"loc":{"start":{"line":8,"column":31},"end":{"line":14,"column":5}},"line":8}},"branchMap":{"0":{"loc":{"start":{"line":10,"column":8},"end":{"line":13,"column":9}},"type":"if","locations":[{"start":{"line":10,"column":8},"end":{"line":13,"column":9}},{"start":{},"end":{}}],"line":10}},"s":{"0":0,"1":0,"2":0,"3":0,"4":0,"5":0,"6":0},"f":{"0":0,"1":0},"b":{"0":[0,0]}}
,"C:\\Users\\arold\\OneDrive\\Bureau\\STUDI\\ECF FINAL\\soignemoi-bureautique\\src\\components\\Login\\Login.jsx": {"path":"C:\\Users\\arold\\OneDrive\\Bureau\\STUDI\\ECF FINAL\\soignemoi-bureautique\\src\\components\\Login\\Login.jsx","statementMap":{"0":{"start":{"line":7,"column":30},"end":{"line":7,"column":42}},"1":{"start":{"line":8,"column":36},"end":{"line":8,"column":48}},"2":{"start":{"line":9,"column":30},"end":{"line":9,"column":44}},"3":{"start":{"line":10,"column":21},"end":{"line":10,"column":34}},"4":{"start":{"line":12,"column":4},"end":{"line":17,"column":19}},"5":{"start":{"line":13,"column":22},"end":{"line":13,"column":58}},"6":{"start":{"line":14,"column":8},"end":{"line":16,"column":9}},"7":{"start":{"line":15,"column":12},"end":{"line":15,"column":35}},"8":{"start":{"line":19,"column":25},"end":{"line":31,"column":5}},"9":{"start":{"line":20,"column":8},"end":{"line":20,"column":31}},"10":{"start":{"line":21,"column":8},"end":{"line":30,"column":9}},"11":{"start":{"line":22,"column":30},"end":{"line":22,"column":67}},"12":{"start":{"line":23,"column":12},"end":{"line":23,"column":60}},"13":{"start":{"line":24,"column":12},"end":{"line":24,"column":50}},"14":{"start":{"line":25,"column":12},"end":{"line":27,"column":13}},"15":{"start":{"line":26,"column":16},"end":{"line":26,"column":39}},"16":{"start":{"line":29,"column":12},"end":{"line":29,"column":41}},"17":{"start":{"line":33,"column":4},"end":{"line":67,"column":6}},"18":{"start":{"line":48,"column":53},"end":{"line":48,"column":81}},"19":{"start":{"line":58,"column":53},"end":{"line":58,"column":84}}},"fnMap":{"0":{"name":"Login","decl":{"start":{"line":6,"column":9},"end":{"line":6,"column":14}},"loc":{"start":{"line":6,"column":17},"end":{"line":68,"column":1}},"line":6},"1":{"name":"(anonymous_1)","decl":{"start":{"line":12,"column":14},"end":{"line":12,"column":15}},"loc":{"start":{"line":12,"column":20},"end":{"line":17,"column":5}},"line":12},"2":{"name":"(anonymous_2)","decl":{"start":{"line":19,"column":25},"end":{"line":19,"column":26}},"loc":{"start":{"line":19,"column":42},"end":{"line":31,"column":5}},"line":19},"3":{"name":"(anonymous_3)","decl":{"start":{"line":48,"column":42},"end":{"line":48,"column":43}},"loc":{"start":{"line":48,"column":53},"end":{"line":48,"column":81}},"line":48},"4":{"name":"(anonymous_4)","decl":{"start":{"line":58,"column":42},"end":{"line":58,"column":43}},"loc":{"start":{"line":58,"column":53},"end":{"line":58,"column":84}},"line":58}},"branchMap":{"0":{"loc":{"start":{"line":14,"column":8},"end":{"line":16,"column":9}},"type":"if","locations":[{"start":{"line":14,"column":8},"end":{"line":16,"column":9}},{"start":{},"end":{}}],"line":14},"1":{"loc":{"start":{"line":25,"column":12},"end":{"line":27,"column":13}},"type":"if","locations":[{"start":{"line":25,"column":12},"end":{"line":27,"column":13}},{"start":{},"end":{}}],"line":25},"2":{"loc":{"start":{"line":62,"column":21},"end":{"line":62,"column":70}},"type":"binary-expr","locations":[{"start":{"line":62,"column":21},"end":{"line":62,"column":26}},{"start":{"line":62,"column":30},"end":{"line":62,"column":70}}],"line":62}},"s":{"0":9,"1":9,"2":9,"3":9,"4":9,"5":4,"6":4,"7":1,"8":9,"9":2,"10":2,"11":2,"12":1,"13":1,"14":1,"15":1,"16":1,"17":9,"18":2,"19":2},"f":{"0":9,"1":4,"2":2,"3":2,"4":2},"b":{"0":[1,3],"1":[1,0],"2":[9,1]},"_coverageSchema":"1a1c01bbd47fc00a2c39e90264f33305004495a9","hash":"4c545b63dfb9828691e4b301ac6148990d81762e"}
,"C:\\Users\\arold\\OneDrive\\Bureau\\STUDI\\ECF FINAL\\soignemoi-bureautique\\src\\components\\NotFound404\\NotFound404.jsx": {"path":"C:\\Users\\arold\\OneDrive\\Bureau\\STUDI\\ECF FINAL\\soignemoi-bureautique\\src\\components\\NotFound404\\NotFound404.jsx","statementMap":{"0":{"start":{"line":4,"column":2},"end":{"line":6,"column":3}}},"fnMap":{"0":{"name":"NotFound404","decl":{"start":{"line":3,"column":9},"end":{"line":3,"column":20}},"loc":{"start":{"line":3,"column":23},"end":{"line":7,"column":1}},"line":3}},"branchMap":{},"s":{"0":0},"f":{"0":0},"b":{}}
,"C:\\Users\\arold\\OneDrive\\Bureau\\STUDI\\ECF FINAL\\soignemoi-bureautique\\src\\components\\Stay\\Stay.jsx": {"path":"C:\\Users\\arold\\OneDrive\\Bureau\\STUDI\\ECF FINAL\\soignemoi-bureautique\\src\\components\\Stay\\Stay.jsx","statementMap":{"0":{"start":{"line":8,"column":29},"end":{"line":8,"column":51}},"1":{"start":{"line":11,"column":25},"end":{"line":11,"column":44}},"2":{"start":{"line":12,"column":27},"end":{"line":12,"column":48}},"3":{"start":{"line":13,"column":18},"end":{"line":13,"column":28}},"4":{"start":{"line":14,"column":4},"end":{"line":14,"column":31}},"5":{"start":{"line":17,"column":23},"end":{"line":24,"column":5}},"6":{"start":{"line":18,"column":20},"end":{"line":18,"column":65}},"7":{"start":{"line":19,"column":22},"end":{"line":19,"column":74}},"8":{"start":{"line":20,"column":21},"end":{"line":20,"column":42}},"9":{"start":{"line":21,"column":22},"end":{"line":21,"column":68}},"10":{"start":{"line":22,"column":24},"end":{"line":22,"column":72}},"11":{"start":{"line":23,"column":8},"end":{"line":23,"column":66}},"12":{"start":{"line":27,"column":31},"end":{"line":27,"column":55}},"13":{"start":{"line":28,"column":33},"end":{"line":28,"column":59}},"14":{"start":{"line":31,"column":29},"end":{"line":31,"column":81}},"15":{"start":{"line":32,"column":31},"end":{"line":32,"column":85}},"16":{"start":{"line":33,"column":26},"end":{"line":33,"column":73}},"17":{"start":{"line":35,"column":29},"end":{"line":46,"column":5}},"18":{"start":{"line":36,"column":26},"end":{"line":36,"column":90}},"19":{"start":{"line":37,"column":8},"end":{"line":45,"column":9}},"20":{"start":{"line":38,"column":12},"end":{"line":44,"column":13}},"21":{"start":{"line":39,"column":16},"end":{"line":39,"column":37}},"22":{"start":{"line":41,"column":16},"end":{"line":41,"column":92}},"23":{"start":{"line":41,"column":46},"end":{"line":41,"column":90}},"24":{"start":{"line":41,"column":75},"end":{"line":41,"column":89}},"25":{"start":{"line":43,"column":16},"end":{"line":43,"column":63}},"26":{"start":{"line":48,"column":4},"end":{"line":95,"column":6}}},"fnMap":{"0":{"name":"Stay","decl":{"start":{"line":7,"column":9},"end":{"line":7,"column":13}},"loc":{"start":{"line":7,"column":81},"end":{"line":96,"column":1}},"line":7},"1":{"name":"(anonymous_1)","decl":{"start":{"line":17,"column":23},"end":{"line":17,"column":24}},"loc":{"start":{"line":17,"column":36},"end":{"line":24,"column":5}},"line":17},"2":{"name":"(anonymous_2)","decl":{"start":{"line":35,"column":29},"end":{"line":35,"column":30}},"loc":{"start":{"line":35,"column":41},"end":{"line":46,"column":5}},"line":35},"3":{"name":"(anonymous_3)","decl":{"start":{"line":41,"column":29},"end":{"line":41,"column":30}},"loc":{"start":{"line":41,"column":46},"end":{"line":41,"column":90}},"line":41},"4":{"name":"(anonymous_4)","decl":{"start":{"line":41,"column":67},"end":{"line":41,"column":68}},"loc":{"start":{"line":41,"column":75},"end":{"line":41,"column":89}},"line":41}},"branchMap":{"0":{"loc":{"start":{"line":33,"column":26},"end":{"line":33,"column":73}},"type":"binary-expr","locations":[{"start":{"line":33,"column":26},"end":{"line":33,"column":46}},{"start":{"line":33,"column":50},"end":{"line":33,"column":73}}],"line":33},"1":{"loc":{"start":{"line":37,"column":8},"end":{"line":45,"column":9}},"type":"if","locations":[{"start":{"line":37,"column":8},"end":{"line":45,"column":9}},{"start":{},"end":{}}],"line":37},"2":{"loc":{"start":{"line":55,"column":25},"end":{"line":62,"column":25}},"type":"binary-expr","locations":[{"start":{"line":55,"column":25},"end":{"line":55,"column":41}},{"start":{"line":55,"column":45},"end":{"line":55,"column":63}},{"start":{"line":56,"column":28},"end":{"line":61,"column":31}}],"line":55},"3":{"loc":{"start":{"line":64,"column":25},"end":{"line":69,"column":25}},"type":"binary-expr","locations":[{"start":{"line":64,"column":25},"end":{"line":64,"column":42}},{"start":{"line":64,"column":46},"end":{"line":64,"column":64}},{"start":{"line":65,"column":28},"end":{"line":68,"column":31}}],"line":64},"4":{"loc":{"start":{"line":71,"column":25},"end":{"line":76,"column":25}},"type":"binary-expr","locations":[{"start":{"line":71,"column":25},"end":{"line":71,"column":41}},{"start":{"line":71,"column":45},"end":{"line":71,"column":64}},{"start":{"line":72,"column":28},"end":{"line":75,"column":31}}],"line":71},"5":{"loc":{"start":{"line":78,"column":25},"end":{"line":83,"column":25}},"type":"binary-expr","locations":[{"start":{"line":78,"column":25},"end":{"line":78,"column":38}},{"start":{"line":78,"column":42},"end":{"line":78,"column":59}},{"start":{"line":78,"column":63},"end":{"line":78,"column":82}},{"start":{"line":79,"column":28},"end":{"line":82,"column":31}}],"line":78}},"s":{"0":0,"1":0,"2":0,"3":0,"4":0,"5":0,"6":0,"7":0,"8":0,"9":0,"10":0,"11":0,"12":0,"13":0,"14":0,"15":0,"16":0,"17":0,"18":0,"19":0,"20":0,"21":0,"22":0,"23":0,"24":0,"25":0,"26":0},"f":{"0":0,"1":0,"2":0,"3":0,"4":0},"b":{"0":[0,0],"1":[0,0],"2":[0,0,0],"3":[0,0,0],"4":[0,0,0],"5":[0,0,0,0]}}
,"C:\\Users\\arold\\OneDrive\\Bureau\\STUDI\\ECF FINAL\\soignemoi-bureautique\\src\\components\\StayModal\\StayModal.jsx": {"path":"C:\\Users\\arold\\OneDrive\\Bureau\\STUDI\\ECF FINAL\\soignemoi-bureautique\\src\\components\\StayModal\\StayModal.jsx","statementMap":{"0":{"start":{"line":8,"column":19},"end":{"line":8,"column":30}},"1":{"start":{"line":9,"column":26},"end":{"line":9,"column":48}},"2":{"start":{"line":10,"column":28},"end":{"line":10,"column":42}},"3":{"start":{"line":12,"column":4},"end":{"line":17,"column":24}},"4":{"start":{"line":13,"column":8},"end":{"line":16,"column":9}},"5":{"start":{"line":14,"column":33},"end":{"line":14,"column":81}},"6":{"start":{"line":14,"column":56},"end":{"line":14,"column":80}},"7":{"start":{"line":15,"column":12},"end":{"line":15,"column":34}},"8":{"start":{"line":19,"column":4},"end":{"line":21,"column":5}},"9":{"start":{"line":20,"column":8},"end":{"line":20,"column":37}},"10":{"start":{"line":24,"column":27},"end":{"line":32,"column":5}},"11":{"start":{"line":25,"column":21},"end":{"line":25,"column":41}},"12":{"start":{"line":26,"column":20},"end":{"line":26,"column":59}},"13":{"start":{"line":27,"column":22},"end":{"line":27,"column":66}},"14":{"start":{"line":28,"column":21},"end":{"line":28,"column":39}},"15":{"start":{"line":29,"column":22},"end":{"line":29,"column":62}},"16":{"start":{"line":30,"column":24},"end":{"line":30,"column":66}},"17":{"start":{"line":31,"column":8},"end":{"line":31,"column":66}},"18":{"start":{"line":35,"column":23},"end":{"line":41,"column":5}},"19":{"start":{"line":36,"column":21},"end":{"line":36,"column":41}},"20":{"start":{"line":37,"column":20},"end":{"line":37,"column":59}},"21":{"start":{"line":38,"column":22},"end":{"line":38,"column":66}},"22":{"start":{"line":39,"column":21},"end":{"line":39,"column":39}},"23":{"start":{"line":40,"column":8},"end":{"line":40,"column":41}},"24":{"start":{"line":44,"column":27},"end":{"line":46,"column":12}},"25":{"start":{"line":45,"column":39},"end":{"line":45,"column":84}},"26":{"start":{"line":48,"column":4},"end":{"line":113,"column":6}},"27":{"start":{"line":68,"column":28},"end":{"line":71,"column":34}},"28":{"start":{"line":93,"column":40},"end":{"line":100,"column":42}},"29":{"start":{"line":94,"column":44},"end":{"line":99,"column":49}}},"fnMap":{"0":{"name":"StayModal","decl":{"start":{"line":7,"column":9},"end":{"line":7,"column":18}},"loc":{"start":{"line":7,"column":21},"end":{"line":114,"column":1}},"line":7},"1":{"name":"(anonymous_1)","decl":{"start":{"line":12,"column":14},"end":{"line":12,"column":15}},"loc":{"start":{"line":12,"column":20},"end":{"line":17,"column":5}},"line":12},"2":{"name":"(anonymous_2)","decl":{"start":{"line":14,"column":48},"end":{"line":14,"column":49}},"loc":{"start":{"line":14,"column":56},"end":{"line":14,"column":80}},"line":14},"3":{"name":"(anonymous_3)","decl":{"start":{"line":24,"column":27},"end":{"line":24,"column":28}},"loc":{"start":{"line":24,"column":43},"end":{"line":32,"column":5}},"line":24},"4":{"name":"(anonymous_4)","decl":{"start":{"line":35,"column":23},"end":{"line":35,"column":24}},"loc":{"start":{"line":35,"column":39},"end":{"line":41,"column":5}},"line":35},"5":{"name":"(anonymous_5)","decl":{"start":{"line":45,"column":29},"end":{"line":45,"column":30}},"loc":{"start":{"line":45,"column":39},"end":{"line":45,"column":84}},"line":45},"6":{"name":"(anonymous_6)","decl":{"start":{"line":67,"column":43},"end":{"line":67,"column":44}},"loc":{"start":{"line":68,"column":28},"end":{"line":71,"column":34}},"line":68},"7":{"name":"(anonymous_7)","decl":{"start":{"line":92,"column":60},"end":{"line":92,"column":61}},"loc":{"start":{"line":93,"column":40},"end":{"line":100,"column":42}},"line":93},"8":{"name":"(anonymous_8)","decl":{"start":{"line":93,"column":67},"end":{"line":93,"column":68}},"loc":{"start":{"line":94,"column":44},"end":{"line":99,"column":49}},"line":94}},"branchMap":{"0":{"loc":{"start":{"line":13,"column":8},"end":{"line":16,"column":9}},"type":"if","locations":[{"start":{"line":13,"column":8},"end":{"line":16,"column":9}},{"start":{},"end":{}}],"line":13},"1":{"loc":{"start":{"line":13,"column":12},"end":{"line":13,"column":27}},"type":"binary-expr","locations":[{"start":{"line":13,"column":12},"end":{"line":13,"column":21}},{"start":{"line":13,"column":25},"end":{"line":13,"column":27}}],"line":13},"2":{"loc":{"start":{"line":19,"column":4},"end":{"line":21,"column":5}},"type":"if","locations":[{"start":{"line":19,"column":4},"end":{"line":21,"column":5}},{"start":{},"end":{}}],"line":19},"3":{"loc":{"start":{"line":44,"column":27},"end":{"line":46,"column":12}},"type":"cond-expr","locations":[{"start":{"line":45,"column":10},"end":{"line":45,"column":85}},{"start":{"line":46,"column":10},"end":{"line":46,"column":12}}],"line":44},"4":{"loc":{"start":{"line":66,"column":21},"end":{"line":75,"column":21}},"type":"cond-expr","locations":[{"start":{"line":67,"column":24},"end":{"line":72,"column":26}},{"start":{"line":74,"column":24},"end":{"line":74,"column":53}}],"line":66},"5":{"loc":{"start":{"line":78,"column":17},"end":{"line":110,"column":17}},"type":"cond-expr","locations":[{"start":{"line":79,"column":20},"end":{"line":107,"column":21}},{"start":{"line":109,"column":20},"end":{"line":109,"column":64}}],"line":78},"6":{"loc":{"start":{"line":79,"column":20},"end":{"line":107,"column":21}},"type":"cond-expr","locations":[{"start":{"line":80,"column":24},"end":{"line":104,"column":27}},{"start":{"line":106,"column":24},"end":{"line":106,"column":68}}],"line":79}},"s":{"0":0,"1":0,"2":0,"3":0,"4":0,"5":0,"6":0,"7":0,"8":0,"9":0,"10":0,"11":0,"12":0,"13":0,"14":0,"15":0,"16":0,"17":0,"18":0,"19":0,"20":0,"21":0,"22":0,"23":0,"24":0,"25":0,"26":0,"27":0,"28":0,"29":0},"f":{"0":0,"1":0,"2":0,"3":0,"4":0,"5":0,"6":0,"7":0,"8":0},"b":{"0":[0,0],"1":[0,0],"2":[0,0],"3":[0,0],"4":[0,0],"5":[0,0],"6":[0,0]}}
,"C:\\Users\\arold\\OneDrive\\Bureau\\STUDI\\ECF FINAL\\soignemoi-bureautique\\src\\components\\StaysContainer\\StaysContainer.jsx": {"path":"C:\\Users\\arold\\OneDrive\\Bureau\\STUDI\\ECF FINAL\\soignemoi-bureautique\\src\\components\\StaysContainer\\StaysContainer.jsx","statementMap":{"0":{"start":{"line":6,"column":2},"end":{"line":13,"column":3}}},"fnMap":{"0":{"name":"StaysContainer","decl":{"start":{"line":5,"column":9},"end":{"line":5,"column":23}},"loc":{"start":{"line":5,"column":26},"end":{"line":14,"column":1}},"line":5}},"branchMap":{},"s":{"0":0},"f":{"0":0},"b":{}}
,"C:\\Users\\arold\\OneDrive\\Bureau\\STUDI\\ECF FINAL\\soignemoi-bureautique\\src\\context\\AppContext.jsx": {"path":"C:\\Users\\arold\\OneDrive\\Bureau\\STUDI\\ECF FINAL\\soignemoi-bureautique\\src\\context\\AppContext.jsx","statementMap":{"0":{"start":{"line":4,"column":19},"end":{"line":4,"column":34}},"1":{"start":{"line":6,"column":27},"end":{"line":39,"column":1}},"2":{"start":{"line":8,"column":38},"end":{"line":8,"column":52}},"3":{"start":{"line":9,"column":46},"end":{"line":9,"column":60}},"4":{"start":{"line":10,"column":30},"end":{"line":10,"column":44}},"5":{"start":{"line":12,"column":4},"end":{"line":25,"column":11}},"6":{"start":{"line":13,"column":26},"end":{"line":23,"column":9}},"7":{"start":{"line":14,"column":12},"end":{"line":22,"column":13}},"8":{"start":{"line":15,"column":34},"end":{"line":15,"column":50}},"9":{"start":{"line":16,"column":16},"end":{"line":16,"column":62}},"10":{"start":{"line":17,"column":16},"end":{"line":17,"column":40}},"11":{"start":{"line":18,"column":38},"end":{"line":18,"column":72}},"12":{"start":{"line":19,"column":16},"end":{"line":19,"column":48}},"13":{"start":{"line":21,"column":16},"end":{"line":21,"column":40}},"14":{"start":{"line":24,"column":8},"end":{"line":24,"column":20}},"15":{"start":{"line":27,"column":25},"end":{"line":32,"column":5}},"16":{"start":{"line":34,"column":4},"end":{"line":38,"column":6}}},"fnMap":{"0":{"name":"(anonymous_0)","decl":{"start":{"line":6,"column":27},"end":{"line":6,"column":28}},"loc":{"start":{"line":6,"column":45},"end":{"line":39,"column":1}},"line":6},"1":{"name":"(anonymous_1)","decl":{"start":{"line":12,"column":14},"end":{"line":12,"column":15}},"loc":{"start":{"line":12,"column":20},"end":{"line":25,"column":5}},"line":12},"2":{"name":"(anonymous_2)","decl":{"start":{"line":13,"column":26},"end":{"line":13,"column":27}},"loc":{"start":{"line":13,"column":38},"end":{"line":23,"column":9}},"line":13}},"branchMap":{},"s":{"0":0,"1":0,"2":0,"3":0,"4":0,"5":0,"6":0,"7":0,"8":0,"9":0,"10":0,"11":0,"12":0,"13":0,"14":0,"15":0,"16":0},"f":{"0":0,"1":0,"2":0},"b":{}}
,"C:\\Users\\arold\\OneDrive\\Bureau\\STUDI\\ECF FINAL\\soignemoi-bureautique\\src\\service\\Api.jsx": {"path":"C:\\Users\\arold\\OneDrive\\Bureau\\STUDI\\ECF FINAL\\soignemoi-bureautique\\src\\service\\Api.jsx","statementMap":{"0":{"start":{"line":1,"column":24},"end":{"line":18,"column":1}},"1":{"start":{"line":2,"column":22},"end":{"line":2,"column":58}},"2":{"start":{"line":4,"column":21},"end":{"line":10,"column":6}},"3":{"start":{"line":12,"column":4},"end":{"line":14,"column":5}},"4":{"start":{"line":13,"column":8},"end":{"line":13,"column":77}},"5":{"start":{"line":16,"column":17},"end":{"line":16,"column":38}},"6":{"start":{"line":17,"column":4},"end":{"line":17,"column":16}},"7":{"start":{"line":23,"column":30},"end":{"line":38,"column":1}},"8":{"start":{"line":24,"column":21},"end":{"line":30,"column":6}},"9":{"start":{"line":32,"column":4},"end":{"line":34,"column":5}},"10":{"start":{"line":33,"column":6},"end":{"line":33,"column":91}},"11":{"start":{"line":36,"column":17},"end":{"line":36,"column":38}},"12":{"start":{"line":37,"column":4},"end":{"line":37,"column":27}},"13":{"start":{"line":42,"column":26},"end":{"line":59,"column":1}},"14":{"start":{"line":43,"column":20},"end":{"line":43,"column":56}},"15":{"start":{"line":45,"column":19},"end":{"line":51,"column":4}},"16":{"start":{"line":53,"column":2},"end":{"line":55,"column":3}},"17":{"start":{"line":54,"column":6},"end":{"line":54,"column":75}},"18":{"start":{"line":57,"column":15},"end":{"line":57,"column":36}},"19":{"start":{"line":58,"column":2},"end":{"line":58,"column":14}}},"fnMap":{"0":{"name":"(anonymous_0)","decl":{"start":{"line":1,"column":24},"end":{"line":1,"column":25}},"loc":{"start":{"line":1,"column":36},"end":{"line":18,"column":1}},"line":1},"1":{"name":"(anonymous_1)","decl":{"start":{"line":23,"column":30},"end":{"line":23,"column":31}},"loc":{"start":{"line":23,"column":57},"end":{"line":38,"column":1}},"line":23},"2":{"name":"(anonymous_2)","decl":{"start":{"line":42,"column":26},"end":{"line":42,"column":27}},"loc":{"start":{"line":42,"column":44},"end":{"line":59,"column":1}},"line":42}},"branchMap":{"0":{"loc":{"start":{"line":8,"column":29},"end":{"line":8,"column":67}},"type":"cond-expr","locations":[{"start":{"line":8,"column":41},"end":{"line":8,"column":62}},{"start":{"line":8,"column":65},"end":{"line":8,"column":67}}],"line":8},"1":{"loc":{"start":{"line":12,"column":4},"end":{"line":14,"column":5}},"type":"if","locations":[{"start":{"line":12,"column":4},"end":{"line":14,"column":5}},{"start":{},"end":{}}],"line":12},"2":{"loc":{"start":{"line":32,"column":4},"end":{"line":34,"column":5}},"type":"if","locations":[{"start":{"line":32,"column":4},"end":{"line":34,"column":5}},{"start":{},"end":{}}],"line":32},"3":{"loc":{"start":{"line":49,"column":27},"end":{"line":49,"column":65}},"type":"cond-expr","locations":[{"start":{"line":49,"column":39},"end":{"line":49,"column":60}},{"start":{"line":49,"column":63},"end":{"line":49,"column":65}}],"line":49},"4":{"loc":{"start":{"line":53,"column":2},"end":{"line":55,"column":3}},"type":"if","locations":[{"start":{"line":53,"column":2},"end":{"line":55,"column":3}},{"start":{},"end":{}}],"line":53}},"s":{"0":0,"1":0,"2":0,"3":0,"4":0,"5":0,"6":0,"7":0,"8":0,"9":0,"10":0,"11":0,"12":0,"13":0,"14":0,"15":0,"16":0,"17":0,"18":0,"19":0},"f":{"0":0,"1":0,"2":0},"b":{"0":[0,0],"1":[0,0],"2":[0,0],"3":[0,0],"4":[0,0]}}
}
